<?xml version="1.0" encoding="UTF-8"?>
<!-- Generated by org.testng.reporters.JUnitXMLReporter -->
<testsuite hostname="MININT-G7IU8PH2" ignored="0" name="Click flight" tests="1" failures="1" timestamp="03 Jun 2020 11:50:03 GMT" time="38.722" errors="0">
  <testcase name="selectFlightPage" time="25.091" classname="test.framework.TestBookFlight">
    <failure type="java.lang.AssertionError" message="The values are not egual expected [2] but found [1]">
      <![CDATA[java.lang.AssertionError: The values are not egual expected [2] but found [1]
	at test.framework.TestBookFlight.selectFlightPage(TestBookFlight.java:19)
... Removed 30 stack frames]]>
    </failure>
  </testcase> <!-- selectFlightPage -->
</testsuite> <!-- Click flight -->
